<?xml version="1.0" encoding="UTF-8"?>
<testsuite name="ConverterTest" tests="1" skipped="0" failures="0" errors="0" timestamp="2020-09-06T21:19:45" hostname="DESKTOP-137ST25" time="0.049">
  <properties/>
  <testcase name="start" classname="ConverterTest" time="0.049"/>
  <system-out><![CDATA[?[1;31m
Start test 1?[0m
10 = 0b1010]]></system-out>
  <system-err><![CDATA[]]></system-err>
</testsuite>
